build/app/intermediates/manifest_merge_blame_file/release/manifest-merger-blame-release-report.txt
1<?xml version="1.0" encoding="utf-8"?>
2<manifest xmlns:android="http://schemas.android.com/apk/res/android"
3    package="com.example.schedule_task"
4    android:versionCode="1"
5    android:versionName="1.0.0" >
6
7    <uses-sdk
8        android:minSdkVersion="16"
8-->src\main\AndroidManifest.xml
9        android:targetSdkVersion="30" />
9-->src\main\AndroidManifest.xml
10
11    <uses-permission android:name="android.permission.INTERNET" />
11-->src\main\AndroidManifest.xml:2:3-64
11-->src\main\AndroidManifest.xml:2:20-62
12
13    <application
13-->src\main\AndroidManifest.xml:3:3-24:17
14        android:appComponentFactory="androidx.core.app.CoreComponentFactory"
14-->[androidx.core:core:1.1.0] AndroidManifest.xml:24:18-86
15        android:icon="@mipmap/ic_launcher"
15-->src\main\AndroidManifest.xml:3:46-80
16        android:label="Schedule Task"
16-->src\main\AndroidManifest.xml:3:16-45
17        android:usesCleartextTraffic="true" >
17-->src\main\AndroidManifest.xml:3:81-116
18        <activity
18-->src\main\AndroidManifest.xml:4:5-20:16
19            android:name="com.example.schedule_task.MainActivity"
19-->src\main\AndroidManifest.xml:4:15-43
20            android:configChanges="orientation|keyboardHidden|keyboard|screenSize|smallestScreenSize|locale|layoutDirection|fontScale|screenLayout|density|uiMode"
20-->src\main\AndroidManifest.xml:4:110-260
21            android:hardwareAccelerated="true"
21-->src\main\AndroidManifest.xml:4:261-295
22            android:launchMode="singleTop"
22-->src\main\AndroidManifest.xml:4:44-74
23            android:theme="@style/LaunchTheme"
23-->src\main\AndroidManifest.xml:4:75-109
24            android:windowSoftInputMode="adjustResize" >
24-->src\main\AndroidManifest.xml:4:296-338
25
26            <!--
27           Specifies an Android theme to apply to this Activity as soon as
28                 the Android process has started. This theme is visible to the user
29                 while the Flutter UI initializes. After that, this theme continues
30                 to determine the Window background behind the Flutter UI.
31            -->
32            <meta-data
32-->src\main\AndroidManifest.xml:9:7-114
33                android:name="io.flutter.embedding.android.NormalTheme"
33-->src\main\AndroidManifest.xml:9:18-73
34                android:resource="@style/NormalTheme" />
34-->src\main\AndroidManifest.xml:9:74-111
35            <!--
36           Displays an Android View that continues showing the launch screen
37                 Drawable until Flutter paints its first frame, then this splash
38                 screen fades out. A splash screen is useful to avoid any visual
39                 gap between the end of Android's launch screen and the painting of
40                 Flutter's first frame.
41            -->
42            <meta-data
42-->src\main\AndroidManifest.xml:15:7-132
43                android:name="io.flutter.embedding.android.SplashScreenDrawable"
43-->src\main\AndroidManifest.xml:15:18-82
44                android:resource="@drawable/launch_background" />
44-->src\main\AndroidManifest.xml:15:83-129
45
46            <intent-filter>
46-->src\main\AndroidManifest.xml:16:7-19:23
47                <action android:name="android.intent.action.MAIN" />
47-->src\main\AndroidManifest.xml:17:9-60
47-->src\main\AndroidManifest.xml:17:17-58
48
49                <category android:name="android.intent.category.LAUNCHER" />
49-->src\main\AndroidManifest.xml:18:9-68
49-->src\main\AndroidManifest.xml:18:19-66
50            </intent-filter>
51        </activity>
52        <!--
53         Don't delete the meta-data below.
54             This is used by the Flutter tool to generate GeneratedPluginRegistrant.java
55        -->
56        <meta-data
56-->src\main\AndroidManifest.xml:23:5-68
57            android:name="flutterEmbedding"
57-->src\main\AndroidManifest.xml:23:16-47
58            android:value="2" />
58-->src\main\AndroidManifest.xml:23:48-65
59    </application>
60
61</manifest>